Arguments: 
  C:\Program Files\nodejs\node.exe C:\Program Files\nodejs\node_modules\yarn\bin\yarn.js add vite

PATH: 
  C:\Windows\system32;C:\Windows;C:\Windows\System32\Wbem;C:\Windows\System32\WindowsPowerShell\v1.0\;C:\Windows\System32\OpenSSH\;E:\programs\nvm;C:\Program Files\nodejs;C:\Program Files\PowerShell\7\;C:\Program Files\Git\cmd;;C:\Users\Administrator\scoop\shims;C:\Users\Administrator\AppData\Local\Microsoft\WindowsApps;C:\Users\Administrator\AppData\Local\Programs\Microsoft VS Code\bin;E:\programs\nvm;C:\Program Files\nodejs;E:\programs\Fiddler

Yarn version: 
  1.22.11

Node version: 
  14.17.3

Platform: 
  win32 x64

Trace: 
  Error: EPERM: operation not permitted, unlink 'C:\Users\Administrator\AppData\Local\Yarn\Cache\v6\npm-rollup-2.55.1-66a444648e2fb603d8e329e77a61c608a6510fda-integrity\node_modules\rollup\.yarn-tarball.tgz'

npm manifest: 
  {
    "name": "vite-plugins-comp-vue",
    "version": "1.0.0",
    "description": "",
    "main": "index.js",
    "scripts": {
      "build": "tsc"
    },
    "keywords": [],
    "author": "",
    "license": "ISC",
    "devDependencies": {
      "@types/node": "^16.4.11"
    },
    "dependencies": {
      "typescript": "^4.3.5"
    }
  }

yarn manifest: 
  No manifest

Lockfile: 
  # THIS IS AN AUTOGENERATED FILE. DO NOT EDIT THIS FILE DIRECTLY.
  # yarn lockfile v1
  
  
  "@types/node@^16.4.11":
    version "16.4.11"
    resolved "https://registry.nlark.com/@types/node/download/@types/node-16.4.11.tgz?cache=0&sync_timestamp=1628067937013&other_urls=https%3A%2F%2Fregistry.nlark.com%2F%40types%2Fnode%2Fdownload%2F%40types%2Fnode-16.4.11.tgz#245030af802c776c31f00eb0cdde40ee615db462"
    integrity sha1-JFAwr4Asd2wx8A6wzd5A7mFdtGI=
  
  typescript@^4.3.5:
    version "4.3.5"
    resolved "https://registry.nlark.com/typescript/download/typescript-4.3.5.tgz?cache=0&sync_timestamp=1628061292964&other_urls=https%3A%2F%2Fregistry.nlark.com%2Ftypescript%2Fdownload%2Ftypescript-4.3.5.tgz#4d1c37cc16e893973c45a06886b7113234f119f4"
    integrity sha1-TRw3zBbok5c8RaBohrcRMjTxGfQ=
